<?xml version="1.0" encoding="UTF-8"?>
<!-- Generated by org.testng.reporters.JUnitReportReporter -->
<testsuite hostname="DESKTOP-EAMNK9L" failures="0" tests="1" name="com.SampleProject.test.TC001_AmznKndlOrderTest" time="20.471" errors="0" timestamp="24 Oct 2018 23:18:09 GMT" skipped="0">
  <testcase classname="com.SampleProject.test.TC001_AmznKndlOrderTest" name="baseTC001" time="20.471"/>
</testsuite> <!-- com.SampleProject.test.TC001_AmznKndlOrderTest -->
